[debug] [2023-05-12T14:41:58.223Z] ----------------------------------------------------------------------
[debug] [2023-05-12T14:41:58.226Z] Command:       C:\Program Files\nodejs\node.exe C:\Program Files\nodejs\node_modules\firebase-tools\lib\bin\firebase.js emulators:start --only functions
[debug] [2023-05-12T14:41:58.227Z] CLI Version:   12.0.0
[debug] [2023-05-12T14:41:58.227Z] Platform:      win32
[debug] [2023-05-12T14:41:58.228Z] Node Version:  v16.19.1
[debug] [2023-05-12T14:41:58.230Z] Time:          Fri May 12 2023 17:41:58 GMT+0300 (East Africa Time)
[debug] [2023-05-12T14:41:58.230Z] ----------------------------------------------------------------------
[debug] 
[debug] [2023-05-12T14:41:58.418Z] > command requires scopes: ["email","openid","https://www.googleapis.com/auth/cloudplatformprojects.readonly","https://www.googleapis.com/auth/firebase","https://www.googleapis.com/auth/cloud-platform"]
[debug] [2023-05-12T14:41:58.420Z] > authorizing via signed-in user (glorrysibomana758@gmail.com)
[info] i  emulators: Starting emulators: functions {"metadata":{"emulator":{"name":"hub"},"message":"Starting emulators: functions"}}
[debug] [2023-05-12T14:41:58.465Z] [logging] Logging Emulator only supports listening on one address (127.0.0.1). Not listening on ::1
[debug] [2023-05-12T14:41:58.467Z] assigned listening specs for emulators {"user":{"hub":[{"address":"127.0.0.1","family":"IPv4","port":4400},{"address":"::1","family":"IPv6","port":4400}],"ui":[{"address":"127.0.0.1","family":"IPv4","port":4000},{"address":"::1","family":"IPv6","port":4000}],"logging":[{"address":"127.0.0.1","family":"IPv4","port":4500}]},"metadata":{"message":"assigned listening specs for emulators"}}
[debug] [2023-05-12T14:41:58.496Z] [hub] writing locator at C:\Users\USER\AppData\Local\Temp\hub-mealstogo-8ab13.json
[debug] [2023-05-12T14:41:58.578Z] [functions] Functions Emulator only supports listening on one address (127.0.0.1). Not listening on ::1
[debug] [2023-05-12T14:41:58.579Z] [eventarc] Eventarc Emulator only supports listening on one address (127.0.0.1). Not listening on ::1
[debug] [2023-05-12T14:41:58.579Z] late-assigned ports for functions and eventarc emulators {"user":{"hub":[{"address":"127.0.0.1","family":"IPv4","port":4400},{"address":"::1","family":"IPv6","port":4400}],"ui":[{"address":"127.0.0.1","family":"IPv4","port":4000},{"address":"::1","family":"IPv6","port":4000}],"logging":[{"address":"127.0.0.1","family":"IPv4","port":4500}],"functions":[{"address":"127.0.0.1","family":"IPv4","port":5001}],"eventarc":[{"address":"127.0.0.1","family":"IPv4","port":9299}]},"metadata":{"message":"late-assigned ports for functions and eventarc emulators"}}
[warn] !  functions: The following emulators are not running, calls to these services from the Functions emulator will affect production: auth, firestore, database, hosting, pubsub, storage {"metadata":{"emulator":{"name":"functions"},"message":"The following emulators are not running, calls to these services from the Functions emulator will affect production: \u001b[1mauth, firestore, database, hosting, pubsub, storage\u001b[22m"}}
[debug] [2023-05-12T14:41:58.604Z] defaultcredentials: writing to file C:\Users\USER\AppData\Roaming\firebase\glorrysibomana758_gmail_com_application_default_credentials.json
[debug] [2023-05-12T14:41:58.614Z] Setting GAC to C:\Users\USER\AppData\Roaming\firebase\glorrysibomana758_gmail_com_application_default_credentials.json {"metadata":{"emulator":{"name":"functions"},"message":"Setting GAC to C:\\Users\\USER\\AppData\\Roaming\\firebase\\glorrysibomana758_gmail_com_application_default_credentials.json"}}
[debug] [2023-05-12T14:41:58.624Z] >>> [apiv2][query] GET https://firebase.googleapis.com/v1beta1/projects/mealstogo-8ab13/adminSdkConfig [none]
[debug] [2023-05-12T14:41:59.496Z] <<< [apiv2][status] GET https://firebase.googleapis.com/v1beta1/projects/mealstogo-8ab13/adminSdkConfig 200
[debug] [2023-05-12T14:41:59.497Z] <<< [apiv2][body] GET https://firebase.googleapis.com/v1beta1/projects/mealstogo-8ab13/adminSdkConfig {"projectId":"mealstogo-8ab13","storageBucket":"mealstogo-8ab13.appspot.com"}
[info] i  ui: downloading ui-v1.11.6.zip... {"metadata":{"emulator":{"name":"ui"},"message":"downloading ui-v1.11.6.zip..."}}
[debug] [2023-05-12T14:41:59.537Z] >>> [apiv2][query] GET https://storage.googleapis.com/firebase-preview-drop/emulator/ui-v1.11.6.zip 
[debug] [2023-05-12T14:42:00.550Z] <<< [apiv2][status] GET https://storage.googleapis.com/firebase-preview-drop/emulator/ui-v1.11.6.zip 200
[debug] [2023-05-12T14:42:00.550Z] <<< [apiv2][body] GET https://storage.googleapis.com/firebase-preview-drop/emulator/ui-v1.11.6.zip [stream]
[debug] [2023-05-12T14:42:03.195Z] Data is 3063444
[debug] [2023-05-12T14:42:03.196Z] [unzip] Entry: client/ (compressed_size=0 bytes, uncompressed_size=0 bytes)
[debug] [2023-05-12T14:42:03.196Z] [unzip] Processing entry: client\
[debug] [2023-05-12T14:42:03.196Z] [unzip] mkdir: C:\Users\USER\.cache\firebase\emulators\ui-v1.11.6\client\
[debug] [2023-05-12T14:42:03.198Z] [unzip] Entry: client/favicon.ico (compressed_size=2497 bytes, uncompressed_size=7406 bytes)
[debug] [2023-05-12T14:42:03.198Z] [unzip] Processing entry: client\favicon.ico
[debug] [2023-05-12T14:42:03.198Z] [unzip] else mkdir: C:\Users\USER\.cache\firebase\emulators\ui-v1.11.6\client
[debug] [2023-05-12T14:42:03.198Z] [unzip] deflating: C:\Users\USER\.cache\firebase\emulators\ui-v1.11.6\client\favicon.ico
[debug] [2023-05-12T14:42:03.206Z] [unzip] Entry: client/apple-touch-icon.png (compressed_size=7231 bytes, uncompressed_size=7367 bytes)
[debug] [2023-05-12T14:42:03.206Z] [unzip] Processing entry: client\apple-touch-icon.png
[debug] [2023-05-12T14:42:03.206Z] [unzip] else mkdir: C:\Users\USER\.cache\firebase\emulators\ui-v1.11.6\client
[debug] [2023-05-12T14:42:03.207Z] [unzip] deflating: C:\Users\USER\.cache\firebase\emulators\ui-v1.11.6\client\apple-touch-icon.png
[debug] [2023-05-12T14:42:03.210Z] [unzip] Entry: client/android-chrome-512x512.png (compressed_size=16987 bytes, uncompressed_size=18186 bytes)
[debug] [2023-05-12T14:42:03.211Z] [unzip] Processing entry: client\android-chrome-512x512.png
[debug] [2023-05-12T14:42:03.211Z] [unzip] else mkdir: C:\Users\USER\.cache\firebase\emulators\ui-v1.11.6\client
[debug] [2023-05-12T14:42:03.211Z] [unzip] deflating: C:\Users\USER\.cache\firebase\emulators\ui-v1.11.6\client\android-chrome-512x512.png
[debug] [2023-05-12T14:42:03.214Z] [unzip] Entry: client/assets/ (compressed_size=0 bytes, uncompressed_size=0 bytes)
[debug] [2023-05-12T14:42:03.214Z] [unzip] Processing entry: client\assets\
[debug] [2023-05-12T14:42:03.214Z] [unzip] mkdir: C:\Users\USER\.cache\firebase\emulators\ui-v1.11.6\client\assets\
[debug] [2023-05-12T14:42:03.215Z] [unzip] Entry: client/assets/extensions/ (compressed_size=0 bytes, uncompressed_size=0 bytes)
[debug] [2023-05-12T14:42:03.215Z] [unzip] Processing entry: client\assets\extensions\
[debug] [2023-05-12T14:42:03.215Z] [unzip] mkdir: C:\Users\USER\.cache\firebase\emulators\ui-v1.11.6\client\assets\extensions\
[debug] [2023-05-12T14:42:03.216Z] [unzip] Entry: client/assets/extensions/default-extension.png (compressed_size=1646 bytes, uncompressed_size=1657 bytes)
[debug] [2023-05-12T14:42:03.216Z] [unzip] Processing entry: client\assets\extensions\default-extension.png
[debug] [2023-05-12T14:42:03.216Z] [unzip] else mkdir: C:\Users\USER\.cache\firebase\emulators\ui-v1.11.6\client\assets\extensions
[debug] [2023-05-12T14:42:03.216Z] [unzip] deflating: C:\Users\USER\.cache\firebase\emulators\ui-v1.11.6\client\assets\extensions\default-extension.png
[debug] [2023-05-12T14:42:03.219Z] [unzip] Entry: client/assets/index.85584c3f.js (compressed_size=526096 bytes, uncompressed_size=1859818 bytes)
[debug] [2023-05-12T14:42:03.219Z] [unzip] Processing entry: client\assets\index.85584c3f.js
[debug] [2023-05-12T14:42:03.219Z] [unzip] else mkdir: C:\Users\USER\.cache\firebase\emulators\ui-v1.11.6\client\assets
[debug] [2023-05-12T14:42:03.219Z] [unzip] deflating: C:\Users\USER\.cache\firebase\emulators\ui-v1.11.6\client\assets\index.85584c3f.js
[debug] [2023-05-12T14:42:03.243Z] [unzip] Entry: client/assets/provider-icons/ (compressed_size=0 bytes, uncompressed_size=0 bytes)
[debug] [2023-05-12T14:42:03.243Z] [unzip] Processing entry: client\assets\provider-icons\
[debug] [2023-05-12T14:42:03.243Z] [unzip] mkdir: C:\Users\USER\.cache\firebase\emulators\ui-v1.11.6\client\assets\provider-icons\
[debug] [2023-05-12T14:42:03.244Z] [unzip] Entry: client/assets/provider-icons/auth_service_oidc.svg (compressed_size=414 bytes, uncompressed_size=858 bytes)
[debug] [2023-05-12T14:42:03.244Z] [unzip] Processing entry: client\assets\provider-icons\auth_service_oidc.svg
[debug] [2023-05-12T14:42:03.244Z] [unzip] else mkdir: C:\Users\USER\.cache\firebase\emulators\ui-v1.11.6\client\assets\provider-icons
[debug] [2023-05-12T14:42:03.245Z] [unzip] deflating: C:\Users\USER\.cache\firebase\emulators\ui-v1.11.6\client\assets\provider-icons\auth_service_oidc.svg
[debug] [2023-05-12T14:42:03.247Z] [unzip] Entry: client/assets/provider-icons/auth_service_yahoo.svg (compressed_size=577 bytes, uncompressed_size=1182 bytes)
[debug] [2023-05-12T14:42:03.247Z] [unzip] Processing entry: client\assets\provider-icons\auth_service_yahoo.svg
[debug] [2023-05-12T14:42:03.247Z] [unzip] else mkdir: C:\Users\USER\.cache\firebase\emulators\ui-v1.11.6\client\assets\provider-icons
[debug] [2023-05-12T14:42:03.248Z] [unzip] deflating: C:\Users\USER\.cache\firebase\emulators\ui-v1.11.6\client\assets\provider-icons\auth_service_yahoo.svg
[debug] [2023-05-12T14:42:03.250Z] [unzip] Entry: client/assets/provider-icons/auth_service_phone.svg (compressed_size=261 bytes, uncompressed_size=414 bytes)
[debug] [2023-05-12T14:42:03.250Z] [unzip] Processing entry: client\assets\provider-icons\auth_service_phone.svg
[debug] [2023-05-12T14:42:03.250Z] [unzip] else mkdir: C:\Users\USER\.cache\firebase\emulators\ui-v1.11.6\client\assets\provider-icons
[debug] [2023-05-12T14:42:03.251Z] [unzip] deflating: C:\Users\USER\.cache\firebase\emulators\ui-v1.11.6\client\assets\provider-icons\auth_service_phone.svg
[debug] [2023-05-12T14:42:03.253Z] [unzip] Entry: client/assets/provider-icons/auth_service_saml.svg (compressed_size=575 bytes, uncompressed_size=1226 bytes)
[debug] [2023-05-12T14:42:03.253Z] [unzip] Processing entry: client\assets\provider-icons\auth_service_saml.svg
[debug] [2023-05-12T14:42:03.253Z] [unzip] else mkdir: C:\Users\USER\.cache\firebase\emulators\ui-v1.11.6\client\assets\provider-icons
[debug] [2023-05-12T14:42:03.254Z] [unzip] deflating: C:\Users\USER\.cache\firebase\emulators\ui-v1.11.6\client\assets\provider-icons\auth_service_saml.svg
[debug] [2023-05-12T14:42:03.257Z] [unzip] Entry: client/assets/provider-icons/auth_service_mslive.svg (compressed_size=203 bytes, uncompressed_size=378 bytes)
[debug] [2023-05-12T14:42:03.257Z] [unzip] Processing entry: client\assets\provider-icons\auth_service_mslive.svg
[debug] [2023-05-12T14:42:03.257Z] [unzip] else mkdir: C:\Users\USER\.cache\firebase\emulators\ui-v1.11.6\client\assets\provider-icons
[debug] [2023-05-12T14:42:03.258Z] [unzip] deflating: C:\Users\USER\.cache\firebase\emulators\ui-v1.11.6\client\assets\provider-icons\auth_service_mslive.svg
[debug] [2023-05-12T14:42:03.260Z] [unzip] Entry: client/assets/provider-icons/auth_service_facebook.svg (compressed_size=289 bytes, uncompressed_size=457 bytes)
[debug] [2023-05-12T14:42:03.260Z] [unzip] Processing entry: client\assets\provider-icons\auth_service_facebook.svg
[debug] [2023-05-12T14:42:03.260Z] [unzip] else mkdir: C:\Users\USER\.cache\firebase\emulators\ui-v1.11.6\client\assets\provider-icons
[debug] [2023-05-12T14:42:03.261Z] [unzip] deflating: C:\Users\USER\.cache\firebase\emulators\ui-v1.11.6\client\assets\provider-icons\auth_service_facebook.svg
[debug] [2023-05-12T14:42:03.262Z] [unzip] Entry: client/assets/provider-icons/auth_service_play_games.svg (compressed_size=565 bytes, uncompressed_size=1173 bytes)
[debug] [2023-05-12T14:42:03.263Z] [unzip] Processing entry: client\assets\provider-icons\auth_service_play_games.svg
[debug] [2023-05-12T14:42:03.263Z] [unzip] else mkdir: C:\Users\USER\.cache\firebase\emulators\ui-v1.11.6\client\assets\provider-icons
[debug] [2023-05-12T14:42:03.263Z] [unzip] deflating: C:\Users\USER\.cache\firebase\emulators\ui-v1.11.6\client\assets\provider-icons\auth_service_play_games.svg
[debug] [2023-05-12T14:42:03.266Z] [unzip] Entry: client/assets/provider-icons/auth_service_github.svg (compressed_size=466 bytes, uncompressed_size=838 bytes)
[debug] [2023-05-12T14:42:03.266Z] [unzip] Processing entry: client\assets\provider-icons\auth_service_github.svg
[debug] [2023-05-12T14:42:03.266Z] [unzip] else mkdir: C:\Users\USER\.cache\firebase\emulators\ui-v1.11.6\client\assets\provider-icons
[debug] [2023-05-12T14:42:03.267Z] [unzip] deflating: C:\Users\USER\.cache\firebase\emulators\ui-v1.11.6\client\assets\provider-icons\auth_service_github.svg
[debug] [2023-05-12T14:42:03.269Z] [unzip] Entry: client/assets/provider-icons/auth_service_apple.svg (compressed_size=230 bytes, uncompressed_size=334 bytes)
[debug] [2023-05-12T14:42:03.270Z] [unzip] Processing entry: client\assets\provider-icons\auth_service_apple.svg
[debug] [2023-05-12T14:42:03.270Z] [unzip] else mkdir: C:\Users\USER\.cache\firebase\emulators\ui-v1.11.6\client\assets\provider-icons
[debug] [2023-05-12T14:42:03.271Z] [unzip] deflating: C:\Users\USER\.cache\firebase\emulators\ui-v1.11.6\client\assets\provider-icons\auth_service_apple.svg
[debug] [2023-05-12T14:42:03.272Z] [unzip] Entry: client/assets/provider-icons/auth_service_google.svg (compressed_size=409 bytes, uncompressed_size=720 bytes)
[debug] [2023-05-12T14:42:03.273Z] [unzip] Processing entry: client\assets\provider-icons\auth_service_google.svg
[debug] [2023-05-12T14:42:03.273Z] [unzip] else mkdir: C:\Users\USER\.cache\firebase\emulators\ui-v1.11.6\client\assets\provider-icons
[debug] [2023-05-12T14:42:03.273Z] [unzip] deflating: C:\Users\USER\.cache\firebase\emulators\ui-v1.11.6\client\assets\provider-icons\auth_service_google.svg
[debug] [2023-05-12T14:42:03.276Z] [unzip] Entry: client/assets/provider-icons/auth_service_email.svg (compressed_size=228 bytes, uncompressed_size=326 bytes)
[debug] [2023-05-12T14:42:03.276Z] [unzip] Processing entry: client\assets\provider-icons\auth_service_email.svg
[debug] [2023-05-12T14:42:03.276Z] [unzip] else mkdir: C:\Users\USER\.cache\firebase\emulators\ui-v1.11.6\client\assets\provider-icons
[debug] [2023-05-12T14:42:03.277Z] [unzip] deflating: C:\Users\USER\.cache\firebase\emulators\ui-v1.11.6\client\assets\provider-icons\auth_service_email.svg
[debug] [2023-05-12T14:42:03.278Z] [unzip] Entry: client/assets/provider-icons/auth_service_twitter.svg (compressed_size=444 bytes, uncompressed_size=751 bytes)
[debug] [2023-05-12T14:42:03.279Z] [unzip] Processing entry: client\assets\provider-icons\auth_service_twitter.svg
[debug] [2023-05-12T14:42:03.279Z] [unzip] else mkdir: C:\Users\USER\.cache\firebase\emulators\ui-v1.11.6\client\assets\provider-icons
[debug] [2023-05-12T14:42:03.279Z] [unzip] deflating: C:\Users\USER\.cache\firebase\emulators\ui-v1.11.6\client\assets\provider-icons\auth_service_twitter.svg
[debug] [2023-05-12T14:42:03.281Z] [unzip] Entry: client/assets/provider-icons/auth_service_game_center.svg (compressed_size=991 bytes, uncompressed_size=3921 bytes)
[debug] [2023-05-12T14:42:03.281Z] [unzip] Processing entry: client\assets\provider-icons\auth_service_game_center.svg
[debug] [2023-05-12T14:42:03.281Z] [unzip] else mkdir: C:\Users\USER\.cache\firebase\emulators\ui-v1.11.6\client\assets\provider-icons
[debug] [2023-05-12T14:42:03.282Z] [unzip] deflating: C:\Users\USER\.cache\firebase\emulators\ui-v1.11.6\client\assets\provider-icons\auth_service_game_center.svg
[debug] [2023-05-12T14:42:03.284Z] [unzip] Entry: client/assets/img/ (compressed_size=0 bytes, uncompressed_size=0 bytes)
[debug] [2023-05-12T14:42:03.284Z] [unzip] Processing entry: client\assets\img\
[debug] [2023-05-12T14:42:03.284Z] [unzip] mkdir: C:\Users\USER\.cache\firebase\emulators\ui-v1.11.6\client\assets\img\
[debug] [2023-05-12T14:42:03.285Z] [unzip] Entry: client/assets/img/database.png (compressed_size=29449 bytes, uncompressed_size=29988 bytes)
[debug] [2023-05-12T14:42:03.285Z] [unzip] Processing entry: client\assets\img\database.png
[debug] [2023-05-12T14:42:03.285Z] [unzip] else mkdir: C:\Users\USER\.cache\firebase\emulators\ui-v1.11.6\client\assets\img
[debug] [2023-05-12T14:42:03.286Z] [unzip] deflating: C:\Users\USER\.cache\firebase\emulators\ui-v1.11.6\client\assets\img\database.png
[debug] [2023-05-12T14:42:03.288Z] [unzip] Entry: client/assets/index.b9383ce5.css (compressed_size=37605 bytes, uncompressed_size=321268 bytes)
[debug] [2023-05-12T14:42:03.288Z] [unzip] Processing entry: client\assets\index.b9383ce5.css
[debug] [2023-05-12T14:42:03.288Z] [unzip] else mkdir: C:\Users\USER\.cache\firebase\emulators\ui-v1.11.6\client\assets
[debug] [2023-05-12T14:42:03.289Z] [unzip] deflating: C:\Users\USER\.cache\firebase\emulators\ui-v1.11.6\client\assets\index.b9383ce5.css
[debug] [2023-05-12T14:42:03.293Z] [unzip] Entry: client/assets/index.85584c3f.js.map (compressed_size=1778028 bytes, uncompressed_size=7960238 bytes)
[debug] [2023-05-12T14:42:03.293Z] [unzip] Processing entry: client\assets\index.85584c3f.js.map
[debug] [2023-05-12T14:42:03.293Z] [unzip] else mkdir: C:\Users\USER\.cache\firebase\emulators\ui-v1.11.6\client\assets
[debug] [2023-05-12T14:42:03.294Z] [unzip] deflating: C:\Users\USER\.cache\firebase\emulators\ui-v1.11.6\client\assets\index.85584c3f.js.map
[debug] [2023-05-12T14:42:03.363Z] [unzip] Entry: client/safari-pinned-tab.svg (compressed_size=838 bytes, uncompressed_size=1504 bytes)
[debug] [2023-05-12T14:42:03.364Z] [unzip] Processing entry: client\safari-pinned-tab.svg
[debug] [2023-05-12T14:42:03.364Z] [unzip] else mkdir: C:\Users\USER\.cache\firebase\emulators\ui-v1.11.6\client
[debug] [2023-05-12T14:42:03.365Z] [unzip] deflating: C:\Users\USER\.cache\firebase\emulators\ui-v1.11.6\client\safari-pinned-tab.svg
[debug] [2023-05-12T14:42:03.367Z] [unzip] Entry: client/mstile-150x150.png (compressed_size=5406 bytes, uncompressed_size=5723 bytes)
[debug] [2023-05-12T14:42:03.367Z] [unzip] Processing entry: client\mstile-150x150.png
[debug] [2023-05-12T14:42:03.367Z] [unzip] else mkdir: C:\Users\USER\.cache\firebase\emulators\ui-v1.11.6\client
[debug] [2023-05-12T14:42:03.368Z] [unzip] deflating: C:\Users\USER\.cache\firebase\emulators\ui-v1.11.6\client\mstile-150x150.png
[debug] [2023-05-12T14:42:03.370Z] [unzip] Entry: client/browserconfig.xml (compressed_size=491 bytes, uncompressed_size=822 bytes)
[debug] [2023-05-12T14:42:03.370Z] [unzip] Processing entry: client\browserconfig.xml
[debug] [2023-05-12T14:42:03.370Z] [unzip] else mkdir: C:\Users\USER\.cache\firebase\emulators\ui-v1.11.6\client
[debug] [2023-05-12T14:42:03.371Z] [unzip] deflating: C:\Users\USER\.cache\firebase\emulators\ui-v1.11.6\client\browserconfig.xml
[debug] [2023-05-12T14:42:03.373Z] [unzip] Entry: client/robots.txt (compressed_size=26 bytes, uncompressed_size=26 bytes)
[debug] [2023-05-12T14:42:03.373Z] [unzip] Processing entry: client\robots.txt
[debug] [2023-05-12T14:42:03.373Z] [unzip] else mkdir: C:\Users\USER\.cache\firebase\emulators\ui-v1.11.6\client
[debug] [2023-05-12T14:42:03.374Z] [unzip] Writing file: C:\Users\USER\.cache\firebase\emulators\ui-v1.11.6\client\robots.txt
[debug] [2023-05-12T14:42:03.376Z] [unzip] Entry: client/index.html (compressed_size=1363 bytes, uncompressed_size=3064 bytes)
[debug] [2023-05-12T14:42:03.376Z] [unzip] Processing entry: client\index.html
[debug] [2023-05-12T14:42:03.376Z] [unzip] else mkdir: C:\Users\USER\.cache\firebase\emulators\ui-v1.11.6\client
[debug] [2023-05-12T14:42:03.377Z] [unzip] deflating: C:\Users\USER\.cache\firebase\emulators\ui-v1.11.6\client\index.html
[debug] [2023-05-12T14:42:03.379Z] [unzip] Entry: client/favicon-16x16.png (compressed_size=757 bytes, uncompressed_size=777 bytes)
[debug] [2023-05-12T14:42:03.379Z] [unzip] Processing entry: client\favicon-16x16.png
[debug] [2023-05-12T14:42:03.379Z] [unzip] else mkdir: C:\Users\USER\.cache\firebase\emulators\ui-v1.11.6\client
[debug] [2023-05-12T14:42:03.379Z] [unzip] deflating: C:\Users\USER\.cache\firebase\emulators\ui-v1.11.6\client\favicon-16x16.png
[debug] [2023-05-12T14:42:03.381Z] [unzip] Entry: client/manifest.json (compressed_size=246 bytes, uncompressed_size=551 bytes)
[debug] [2023-05-12T14:42:03.382Z] [unzip] Processing entry: client\manifest.json
[debug] [2023-05-12T14:42:03.382Z] [unzip] else mkdir: C:\Users\USER\.cache\firebase\emulators\ui-v1.11.6\client
[debug] [2023-05-12T14:42:03.382Z] [unzip] deflating: C:\Users\USER\.cache\firebase\emulators\ui-v1.11.6\client\manifest.json
[debug] [2023-05-12T14:42:03.384Z] [unzip] Entry: client/favicon-32x32.png (compressed_size=1175 bytes, uncompressed_size=1175 bytes)
[debug] [2023-05-12T14:42:03.384Z] [unzip] Processing entry: client\favicon-32x32.png
[debug] [2023-05-12T14:42:03.384Z] [unzip] else mkdir: C:\Users\USER\.cache\firebase\emulators\ui-v1.11.6\client
[debug] [2023-05-12T14:42:03.385Z] [unzip] Writing file: C:\Users\USER\.cache\firebase\emulators\ui-v1.11.6\client\favicon-32x32.png
[debug] [2023-05-12T14:42:03.386Z] [unzip] Entry: client/android-chrome-192x192.png (compressed_size=7602 bytes, uncompressed_size=7834 bytes)
[debug] [2023-05-12T14:42:03.386Z] [unzip] Processing entry: client\android-chrome-192x192.png
[debug] [2023-05-12T14:42:03.386Z] [unzip] else mkdir: C:\Users\USER\.cache\firebase\emulators\ui-v1.11.6\client
[debug] [2023-05-12T14:42:03.387Z] [unzip] deflating: C:\Users\USER\.cache\firebase\emulators\ui-v1.11.6\client\android-chrome-192x192.png
[debug] [2023-05-12T14:42:03.388Z] [unzip] Entry: server/ (compressed_size=0 bytes, uncompressed_size=0 bytes)
[debug] [2023-05-12T14:42:03.388Z] [unzip] Processing entry: server\
[debug] [2023-05-12T14:42:03.388Z] [unzip] mkdir: C:\Users\USER\.cache\firebase\emulators\ui-v1.11.6\server\
[debug] [2023-05-12T14:42:03.389Z] [unzip] Entry: server/server.js (compressed_size=343746 bytes, uncompressed_size=1346374 bytes)
[debug] [2023-05-12T14:42:03.390Z] [unzip] Processing entry: server\server.js
[debug] [2023-05-12T14:42:03.390Z] [unzip] else mkdir: C:\Users\USER\.cache\firebase\emulators\ui-v1.11.6\server
[debug] [2023-05-12T14:42:03.390Z] [unzip] deflating: C:\Users\USER\.cache\firebase\emulators\ui-v1.11.6\server\server.js
[debug] [2023-05-12T14:42:03.407Z] [unzip] Entry: server/server.js.map (compressed_size=289157 bytes, uncompressed_size=1325651 bytes)
[debug] [2023-05-12T14:42:03.407Z] [unzip] Processing entry: server\server.js.map
[debug] [2023-05-12T14:42:03.407Z] [unzip] else mkdir: C:\Users\USER\.cache\firebase\emulators\ui-v1.11.6\server
[debug] [2023-05-12T14:42:03.408Z] [unzip] deflating: C:\Users\USER\.cache\firebase\emulators\ui-v1.11.6\server\server.js.map
[debug] [2023-05-12T14:42:03.426Z] Ignoring unsupported arg: auto_download {"metadata":{"emulator":{"name":"ui"},"message":"Ignoring unsupported arg: auto_download"}}
[debug] [2023-05-12T14:42:03.427Z] Ignoring unsupported arg: port {"metadata":{"emulator":{"name":"ui"},"message":"Ignoring unsupported arg: port"}}
[debug] [2023-05-12T14:42:03.427Z] Starting Emulator UI with command {"binary":"node","args":["C:\\Users\\USER\\.cache\\firebase\\emulators\\ui-v1.11.6\\server\\server.js"],"optionalArgs":[],"joinArgs":false} {"metadata":{"emulator":{"name":"ui"},"message":"Starting Emulator UI with command {\"binary\":\"node\",\"args\":[\"C:\\\\Users\\\\USER\\\\.cache\\\\firebase\\\\emulators\\\\ui-v1.11.6\\\\server\\\\server.js\"],\"optionalArgs\":[],\"joinArgs\":false}"}}
[info] i  ui: Emulator UI logging to ui-debug.log {"metadata":{"emulator":{"name":"ui"},"message":"Emulator UI logging to \u001b[1mui-debug.log\u001b[22m"}}
[debug] [2023-05-12T14:42:03.734Z] Web / API server started at 127.0.0.1:4000
 {"metadata":{"emulator":{"name":"ui"},"message":"Web / API server started at 127.0.0.1:4000\n"}}
[debug] [2023-05-12T14:42:03.734Z] Web / API server started at ::1:4000
 {"metadata":{"emulator":{"name":"ui"},"message":"Web / API server started at ::1:4000\n"}}
[info] i  functions: Watching "C:\Users\USER\Documents\GitHub\MealsToGo\functions" for Cloud Functions... {"metadata":{"emulator":{"name":"functions"},"message":"Watching \"C:\\Users\\USER\\Documents\\GitHub\\MealsToGo\\functions\" for Cloud Functions..."}}
[debug] [2023-05-12T14:42:03.992Z] Validating nodejs source
[debug] [2023-05-12T14:42:07.357Z] > [functions] package.json contents: {
  "name": "functions",
  "description": "Cloud Functions for Firebase",
  "scripts": {
    "serve": "firebase emulators:start --only functions",
    "shell": "firebase functions:shell",
    "start": "npm run shell",
    "deploy": "firebase deploy --only functions",
    "logs": "firebase functions:log"
  },
  "engines": {
    "node": "16"
  },
  "main": "index.js",
  "dependencies": {
    "firebase-admin": "^11.8.0",
    "firebase-functions": "^4.3.1"
  },
  "devDependencies": {
    "firebase-functions-test": "^3.1.0"
  },
  "private": true
}
[debug] [2023-05-12T14:42:07.358Z] Building nodejs source
[debug] [2023-05-12T14:42:07.358Z] Failed to find version of module node: reached end of search path C:\Users\USER\Documents\GitHub\MealsToGo\functions\node_modules
[info] +  functions: Using node@16 from host. 
[debug] [2023-05-12T14:42:07.363Z] Could not find functions.yaml. Must use http discovery
[debug] [2023-05-12T14:42:07.401Z] Found firebase-functions binary at 'C:\Users\USER\Documents\GitHub\MealsToGo\functions\node_modules\.bin\firebase-functions'
[debug] [2023-05-12T14:42:08.294Z] Serving at port 8710

[debug] [2023-05-12T14:42:08.867Z] Got response from /__/functions.yaml {"endpoints":{},"specVersion":"v1alpha1","requiredAPIs":[]}
[debug] [2023-05-12T14:42:08.879Z] shutdown requested via /__/quitquitquit

[info] +  functions: Loaded functions definitions from source: . {"metadata":{"emulator":{"name":"functions"},"message":"Loaded functions definitions from source: ."}}
[info] 
┌─────────────────────────────────────────────────────────────┐
│ ✔  All emulators ready! It is now safe to connect your app. │
│ i  View Emulator UI at http://127.0.0.1:4000/               │
└─────────────────────────────────────────────────────────────┘

┌───────────┬────────────────┬─────────────────────────────────┐
│ Emulator  │ Host:Port      │ View in Emulator UI             │
├───────────┼────────────────┼─────────────────────────────────┤
│ Functions │ 127.0.0.1:5001 │ http://127.0.0.1:4000/functions │
└───────────┴────────────────┴─────────────────────────────────┘
  Emulator Hub running at 127.0.0.1:4400
  Other reserved ports: 4500

Issues? Report them at https://github.com/firebase/firebase-tools/issues and attach the *-debug.log files.
 
[debug] [2023-05-12T14:44:55.802Z] File C:\Users\USER\Documents\GitHub\MealsToGo\functions\index.js changed, reloading triggers {"metadata":{"emulator":{"name":"functions"},"message":"File C:\\Users\\USER\\Documents\\GitHub\\MealsToGo\\functions\\index.js changed, reloading triggers"}}
[debug] [2023-05-12T14:44:56.816Z] Validating nodejs source
[debug] [2023-05-12T14:45:02.515Z] > [functions] package.json contents: {
  "name": "functions",
  "description": "Cloud Functions for Firebase",
  "scripts": {
    "serve": "firebase emulators:start --only functions",
    "shell": "firebase functions:shell",
    "start": "npm run shell",
    "deploy": "firebase deploy --only functions",
    "logs": "firebase functions:log"
  },
  "engines": {
    "node": "16"
  },
  "main": "index.js",
  "dependencies": {
    "firebase-admin": "^11.8.0",
    "firebase-functions": "^4.3.1"
  },
  "devDependencies": {
    "firebase-functions-test": "^3.1.0"
  },
  "private": true
}
[debug] [2023-05-12T14:45:02.516Z] Building nodejs source
[debug] [2023-05-12T14:45:02.516Z] Failed to find version of module node: reached end of search path C:\Users\USER\Documents\GitHub\MealsToGo\functions\node_modules
[info] +  functions: Using node@16 from host. 
[debug] [2023-05-12T14:45:02.527Z] Could not find functions.yaml. Must use http discovery
[debug] [2023-05-12T14:45:02.564Z] Found firebase-functions binary at 'C:\Users\USER\Documents\GitHub\MealsToGo\functions\node_modules\.bin\firebase-functions'
[debug] [2023-05-12T14:45:03.627Z] Serving at port 8724

[debug] [2023-05-12T14:45:04.659Z] Got response from /__/functions.yaml {"endpoints":{"helloWorld":{"availableMemoryMb":null,"timeoutSeconds":null,"minInstances":null,"maxInstances":null,"ingressSettings":null,"concurrency":null,"serviceAccountEmail":null,"vpc":null,"platform":"gcfv2","labels":{},"httpsTrigger":{},"entryPoint":"helloWorld"}},"specVersion":"v1alpha1","requiredAPIs":[]}
[debug] [2023-05-12T14:45:04.682Z] shutdown requested via /__/quitquitquit

[info] +  functions: Loaded functions definitions from source: helloWorld. {"metadata":{"emulator":{"name":"functions"},"message":"Loaded functions definitions from source: helloWorld."}}
[info] +  functions[us-central1-helloWorld]: http function initialized (http://127.0.0.1:5001/mealstogo-8ab13/us-central1/helloWorld). {"metadata":{"emulator":{"name":"functions"},"message":"\u001b[1mhttp\u001b[22m function initialized (http://127.0.0.1:5001/mealstogo-8ab13/us-central1/helloWorld)."}}
[debug] [2023-05-12T14:45:45.772Z] [work-queue] {"queuedWork":["/mealstogo-8ab13/us-central1/helloWorld-2023-05-12T14:45:45.771Z"],"queueLength":1,"runningWork":[],"workRunningCount":0}
[debug] [2023-05-12T14:45:45.772Z] [work-queue] {"queuedWork":[],"queueLength":0,"runningWork":["/mealstogo-8ab13/us-central1/helloWorld-2023-05-12T14:45:45.771Z"],"workRunningCount":1}
[debug] [2023-05-12T14:45:45.773Z] Accepted request GET /mealstogo-8ab13/us-central1/helloWorld --> us-central1-helloWorld
[debug] [2023-05-12T14:45:45.774Z] [functions] Runtime ready! Sending request! {"metadata":{"emulator":{"name":"functions"},"message":"[functions] Runtime ready! Sending request!"}}
[debug] [2023-05-12T14:45:45.775Z] [functions] Got req.url=/mealstogo-8ab13/us-central1/helloWorld, mapping to path=/ {"metadata":{"emulator":{"name":"functions"},"message":"[functions] Got req.url=/mealstogo-8ab13/us-central1/helloWorld, mapping to path=/"}}
[debug] [2023-05-12T14:45:45.806Z] [worker-pool] addWorker(us-central1-helloWorld) {"metadata":{"emulator":{"name":"functions"},"message":"[worker-pool] addWorker(us-central1-helloWorld)"}}
[debug] [2023-05-12T14:45:45.808Z] [worker-pool] Adding worker with key us-central1-helloWorld, total=1 {"metadata":{"emulator":{"name":"functions"},"message":"[worker-pool] Adding worker with key us-central1-helloWorld, total=1"}}
[debug] [2023-05-12T14:45:49.571Z] [runtime-status] [13384] Resolved module firebase-admin {"declared":true,"installed":true,"version":"11.8.0","resolution":"C:\\Users\\USER\\Documents\\GitHub\\MealsToGo\\functions\\node_modules\\firebase-admin\\lib\\index.js"} {"metadata":{"emulator":{"name":"functions"},"function":{"name":"us-central1-helloWorld"},"extension":{},"message":"[runtime-status] [13384] Resolved module firebase-admin {\"declared\":true,\"installed\":true,\"version\":\"11.8.0\",\"resolution\":\"C:\\\\Users\\\\USER\\\\Documents\\\\GitHub\\\\MealsToGo\\\\functions\\\\node_modules\\\\firebase-admin\\\\lib\\\\index.js\"}"}}
[debug] [2023-05-12T14:45:49.574Z] [runtime-status] [13384] Resolved module firebase-functions {"declared":true,"installed":true,"version":"4.4.0","resolution":"C:\\Users\\USER\\Documents\\GitHub\\MealsToGo\\functions\\node_modules\\firebase-functions\\lib\\v1\\index.js"} {"metadata":{"emulator":{"name":"functions"},"function":{"name":"us-central1-helloWorld"},"extension":{},"message":"[runtime-status] [13384] Resolved module firebase-functions {\"declared\":true,\"installed\":true,\"version\":\"4.4.0\",\"resolution\":\"C:\\\\Users\\\\USER\\\\Documents\\\\GitHub\\\\MealsToGo\\\\functions\\\\node_modules\\\\firebase-functions\\\\lib\\\\v1\\\\index.js\"}"}}
[debug] [2023-05-12T14:45:49.576Z] [runtime-status] [13384] Outgoing network have been stubbed. [{"name":"http","status":"mocked"},{"name":"http","status":"mocked"},{"name":"https","status":"mocked"},{"name":"https","status":"mocked"},{"name":"net","status":"mocked"}] {"metadata":{"emulator":{"name":"functions"},"function":{"name":"us-central1-helloWorld"},"extension":{},"message":"[runtime-status] [13384] Outgoing network have been stubbed. [{\"name\":\"http\",\"status\":\"mocked\"},{\"name\":\"http\",\"status\":\"mocked\"},{\"name\":\"https\",\"status\":\"mocked\"},{\"name\":\"https\",\"status\":\"mocked\"},{\"name\":\"net\",\"status\":\"mocked\"}]"}}
[debug] [2023-05-12T14:45:49.578Z] [runtime-status] [13384] Resolved module firebase-functions {"declared":true,"installed":true,"version":"4.4.0","resolution":"C:\\Users\\USER\\Documents\\GitHub\\MealsToGo\\functions\\node_modules\\firebase-functions\\lib\\v1\\index.js"} {"metadata":{"emulator":{"name":"functions"},"function":{"name":"us-central1-helloWorld"},"extension":{},"message":"[runtime-status] [13384] Resolved module firebase-functions {\"declared\":true,\"installed\":true,\"version\":\"4.4.0\",\"resolution\":\"C:\\\\Users\\\\USER\\\\Documents\\\\GitHub\\\\MealsToGo\\\\functions\\\\node_modules\\\\firebase-functions\\\\lib\\\\v1\\\\index.js\"}"}}
[debug] [2023-05-12T14:45:50.271Z] [runtime-status] [13384] Checked functions.config() {"config":{}} {"metadata":{"emulator":{"name":"functions"},"function":{"name":"us-central1-helloWorld"},"extension":{},"message":"[runtime-status] [13384] Checked functions.config() {\"config\":{}}"}}
[debug] [2023-05-12T14:45:50.271Z] [runtime-status] [13384] firebase-functions has been stubbed. {"functionsResolution":{"declared":true,"installed":true,"version":"4.4.0","resolution":"C:\\Users\\USER\\Documents\\GitHub\\MealsToGo\\functions\\node_modules\\firebase-functions\\lib\\v1\\index.js"}} {"metadata":{"emulator":{"name":"functions"},"function":{"name":"us-central1-helloWorld"},"extension":{},"message":"[runtime-status] [13384] firebase-functions has been stubbed. {\"functionsResolution\":{\"declared\":true,\"installed\":true,\"version\":\"4.4.0\",\"resolution\":\"C:\\\\Users\\\\USER\\\\Documents\\\\GitHub\\\\MealsToGo\\\\functions\\\\node_modules\\\\firebase-functions\\\\lib\\\\v1\\\\index.js\"}}"}}
[debug] [2023-05-12T14:45:50.274Z] [runtime-status] [13384] Resolved module firebase-functions {"declared":true,"installed":true,"version":"4.4.0","resolution":"C:\\Users\\USER\\Documents\\GitHub\\MealsToGo\\functions\\node_modules\\firebase-functions\\lib\\v1\\index.js"} {"metadata":{"emulator":{"name":"functions"},"function":{"name":"us-central1-helloWorld"},"extension":{},"message":"[runtime-status] [13384] Resolved module firebase-functions {\"declared\":true,\"installed\":true,\"version\":\"4.4.0\",\"resolution\":\"C:\\\\Users\\\\USER\\\\Documents\\\\GitHub\\\\MealsToGo\\\\functions\\\\node_modules\\\\firebase-functions\\\\lib\\\\v1\\\\index.js\"}"}}
[debug] [2023-05-12T14:45:50.277Z] [runtime-status] [13384] Resolved module firebase-admin {"declared":true,"installed":true,"version":"11.8.0","resolution":"C:\\Users\\USER\\Documents\\GitHub\\MealsToGo\\functions\\node_modules\\firebase-admin\\lib\\index.js"} {"metadata":{"emulator":{"name":"functions"},"function":{"name":"us-central1-helloWorld"},"extension":{},"message":"[runtime-status] [13384] Resolved module firebase-admin {\"declared\":true,\"installed\":true,\"version\":\"11.8.0\",\"resolution\":\"C:\\\\Users\\\\USER\\\\Documents\\\\GitHub\\\\MealsToGo\\\\functions\\\\node_modules\\\\firebase-admin\\\\lib\\\\index.js\"}"}}
[debug] [2023-05-12T14:45:50.285Z] [runtime-status] [13384] Resolved module firebase-functions {"declared":true,"installed":true,"version":"4.4.0","resolution":"C:\\Users\\USER\\Documents\\GitHub\\MealsToGo\\functions\\node_modules\\firebase-functions\\lib\\v1\\index.js"} {"metadata":{"emulator":{"name":"functions"},"function":{"name":"us-central1-helloWorld"},"extension":{},"message":"[runtime-status] [13384] Resolved module firebase-functions {\"declared\":true,\"installed\":true,\"version\":\"4.4.0\",\"resolution\":\"C:\\\\Users\\\\USER\\\\Documents\\\\GitHub\\\\MealsToGo\\\\functions\\\\node_modules\\\\firebase-functions\\\\lib\\\\v1\\\\index.js\"}"}}
[debug] [2023-05-12T14:45:50.286Z] [runtime-status] [13384] firebase-admin has been stubbed. {"adminResolution":{"declared":true,"installed":true,"version":"11.8.0","resolution":"C:\\Users\\USER\\Documents\\GitHub\\MealsToGo\\functions\\node_modules\\firebase-admin\\lib\\index.js"}} {"metadata":{"emulator":{"name":"functions"},"function":{"name":"us-central1-helloWorld"},"extension":{},"message":"[runtime-status] [13384] firebase-admin has been stubbed. {\"adminResolution\":{\"declared\":true,\"installed\":true,\"version\":\"11.8.0\",\"resolution\":\"C:\\\\Users\\\\USER\\\\Documents\\\\GitHub\\\\MealsToGo\\\\functions\\\\node_modules\\\\firebase-admin\\\\lib\\\\index.js\"}}"}}
[debug] [2023-05-12T14:45:50.342Z] [runtime-status] [13384] Functions runtime initialized. {"cwd":"C:\\Users\\USER\\Documents\\GitHub\\MealsToGo\\functions","node_version":"16.19.1"} {"metadata":{"emulator":{"name":"functions"},"function":{"name":"us-central1-helloWorld"},"extension":{},"message":"[runtime-status] [13384] Functions runtime initialized. {\"cwd\":\"C:\\\\Users\\\\USER\\\\Documents\\\\GitHub\\\\MealsToGo\\\\functions\",\"node_version\":\"16.19.1\"}"}}
[debug] [2023-05-12T14:45:50.342Z] [runtime-status] [13384] Listening to port: \\?\pipe\fire_emu_b72e2b7da092d2d1 {"metadata":{"emulator":{"name":"functions"},"function":{"name":"us-central1-helloWorld"},"extension":{},"message":"[runtime-status] [13384] Listening to port: \\\\?\\pipe\\fire_emu_b72e2b7da092d2d1"}}
[debug] [2023-05-12T14:45:50.405Z] [worker-us-central1-helloWorld-6abf3daa-b5e2-44c4-a3f7-060a6a6f623c]: IDLE {"metadata":{"emulator":{"name":"functions"},"function":{"name":"us-central1-helloWorld"},"extension":{},"message":"[worker-us-central1-helloWorld-6abf3daa-b5e2-44c4-a3f7-060a6a6f623c]: IDLE"}}
[debug] [2023-05-12T14:45:50.406Z] [worker-pool] submitRequest(triggerId=us-central1-helloWorld) {"metadata":{"emulator":{"name":"functions"},"message":"[worker-pool] submitRequest(triggerId=us-central1-helloWorld)"}}
[info] i  functions: Beginning execution of "us-central1-helloWorld" {"metadata":{"emulator":{"name":"functions"},"function":{"name":"us-central1-helloWorld"},"extension":{},"message":"Beginning execution of \"us-central1-helloWorld\""}}
[debug] [2023-05-12T14:45:50.409Z] [worker-us-central1-helloWorld-6abf3daa-b5e2-44c4-a3f7-060a6a6f623c]: BUSY {"metadata":{"emulator":{"name":"functions"},"function":{"name":"us-central1-helloWorld"},"extension":{},"message":"[worker-us-central1-helloWorld-6abf3daa-b5e2-44c4-a3f7-060a6a6f623c]: BUSY"}}
[info] >  {"structuredData":true,"severity":"INFO","message":"Hello logs!"} {"user":{"structuredData":true,"severity":"INFO","message":"Hello logs!"},"metadata":{"emulator":{"name":"functions"},"function":{"name":"us-central1-helloWorld"},"extension":{},"message":"\u001b[90m> \u001b[39m {\"structuredData\":true,\"severity\":\"INFO\",\"message\":\"Hello logs!\"}"}}
[debug] [2023-05-12T14:45:50.442Z] Finishing up request with event=pause {"metadata":{"emulator":{"name":"functions"},"function":{"name":"us-central1-helloWorld"},"extension":{},"message":"Finishing up request with event=pause"}}
[info] i  functions: Finished "us-central1-helloWorld" in 33.1141ms {"metadata":{"emulator":{"name":"functions"},"function":{"name":"us-central1-helloWorld"},"extension":{},"message":"Finished \"us-central1-helloWorld\" in 33.1141ms"}}
[debug] [2023-05-12T14:45:50.444Z] [worker-us-central1-helloWorld-6abf3daa-b5e2-44c4-a3f7-060a6a6f623c]: IDLE {"metadata":{"emulator":{"name":"functions"},"function":{"name":"us-central1-helloWorld"},"extension":{},"message":"[worker-us-central1-helloWorld-6abf3daa-b5e2-44c4-a3f7-060a6a6f623c]: IDLE"}}
[debug] [2023-05-12T14:45:50.445Z] Finishing up request with event=finish {"metadata":{"emulator":{"name":"functions"},"function":{"name":"us-central1-helloWorld"},"extension":{},"message":"Finishing up request with event=finish"}}
[debug] [2023-05-12T14:45:50.445Z] Finishing up request with event=close {"metadata":{"emulator":{"name":"functions"},"function":{"name":"us-central1-helloWorld"},"extension":{},"message":"Finishing up request with event=close"}}
[debug] [2023-05-12T14:45:50.445Z] [work-queue] {"queuedWork":[],"queueLength":0,"runningWork":[],"workRunningCount":0}
[debug] [2023-05-12T14:45:51.352Z] Functions emulator received unknown request at path /favicon.ico
